<?xml version="1.0" encoding="UTF-8"?>
<testng-results ignored="0" total="1" passed="1" failed="0" skipped="0">
  <reporter-output>
  </reporter-output>
  <suite started-at="2022-12-09T23:46:12 IST" name="Default suite" finished-at="2022-12-09T23:46:29 IST" duration-ms="16634">
    <groups>
    </groups>
    <test started-at="2022-12-09T23:46:12 IST" name="Default test" finished-at="2022-12-09T23:46:29 IST" duration-ms="16634">
      <class name="TestCases.SignUpTestcase">
        <test-method signature="verifySignup()[pri:0, instance:TestCases.SignUpTestcase@581ac8a8]" started-at="2022-12-09T23:46:12 IST" name="verifySignup" finished-at="2022-12-09T23:46:29 IST" duration-ms="16561" status="PASS">
          <reporter-output>
          </reporter-output>
        </test-method> <!-- verifySignup -->
      </class> <!-- TestCases.SignUpTestcase -->
    </test> <!-- Default test -->
  </suite> <!-- Default suite -->
</testng-results>
